<?xml version="1.0" encoding="UTF-8"?>
<testsuite xmlns:xsi="http://www.w3.org/2001/XMLSchema-instance" xsi:noNamespaceSchemaLocation="https://maven.apache.org/surefire/maven-surefire-plugin/xsd/surefire-test-report.xsd" name="com.example.demo.OrderItemMapperTest" time="3.991" tests="3" errors="0" skipped="0" failures="0">
  <properties>
[...]
</properties>
  <testcase name="testBatchUpdateByCaseWhen" classname="com.example.demo.OrderItemMapperTest" time="0.435"/>
  <testcase name="testBatchUpsert" classname="com.example.demo.OrderItemMapperTest" time="0.05"/>
  <testcase name="testBatchUpdateByExecutor" classname="com.example.demo.OrderItemMapperTest" time="0.052"/>
</testsuite>